Warning[205] E:\E-16-103\LAB2\PART 2\LAB PART2.X\RECORRECTION.ASM 1 : Found directive in column 1. (processor)
Warning[207] E:\E-16-103\LAB2\PART 2\LAB PART2.X\RECORRECTION.ASM 4 : Found label after column 1. (COUNT1)
Warning[207] E:\E-16-103\LAB2\PART 2\LAB PART2.X\RECORRECTION.ASM 5 : Found label after column 1. (COUNT2)
Warning[207] E:\E-16-103\LAB2\PART 2\LAB PART2.X\RECORRECTION.ASM 6 : Found label after column 1. (COUNTA)
Warning[207] E:\E-16-103\LAB2\PART 2\LAB PART2.X\RECORRECTION.ASM 7 : Found label after column 1. (COUNTB)
Warning[207] E:\E-16-103\LAB2\PART 2\LAB PART2.X\RECORRECTION.ASM 8 : Found label after column 1. (INTCON)
Warning[207] E:\E-16-103\LAB2\PART 2\LAB PART2.X\RECORRECTION.ASM 9 : Found label after column 1. (STATUS)
Warning[207] E:\E-16-103\LAB2\PART 2\LAB PART2.X\RECORRECTION.ASM 11 : Found label after column 1. (TRISA)
Warning[207] E:\E-16-103\LAB2\PART 2\LAB PART2.X\RECORRECTION.ASM 12 : Found label after column 1. (PORTA)
Warning[207] E:\E-16-103\LAB2\PART 2\LAB PART2.X\RECORRECTION.ASM 14 : Found label after column 1. (TRISB)
Warning[207] E:\E-16-103\LAB2\PART 2\LAB PART2.X\RECORRECTION.ASM 15 : Found label after column 1. (PORTB)
Warning[207] E:\E-16-103\LAB2\PART 2\LAB PART2.X\RECORRECTION.ASM 17 : Found label after column 1. (TEMP)
Warning[207] E:\E-16-103\LAB2\PART 2\LAB PART2.X\RECORRECTION.ASM 26 : Found label after column 1. (Main)
Message[302] E:\E-16-103\LAB2\PART 2\LAB PART2.X\RECORRECTION.ASM 35 : Register in operand not in bank 0.  Ensure that bank bits are correct.
Message[302] E:\E-16-103\LAB2\PART 2\LAB PART2.X\RECORRECTION.ASM 37 : Register in operand not in bank 0.  Ensure that bank bits are correct.
Warning[207] E:\E-16-103\LAB2\PART 2\LAB PART2.X\RECORRECTION.ASM 45 : Found label after column 1. (loop1)
Warning[207] E:\E-16-103\LAB2\PART 2\LAB PART2.X\RECORRECTION.ASM 51 : Found label after column 1. (led)
Warning[207] E:\E-16-103\LAB2\PART 2\LAB PART2.X\RECORRECTION.ASM 63 : Found label after column 1. (delay1)
Warning[207] E:\E-16-103\LAB2\PART 2\LAB PART2.X\RECORRECTION.ASM 65 : Found label after column 1. (loop2)
Warning[207] E:\E-16-103\LAB2\PART 2\LAB PART2.X\RECORRECTION.ASM 71 : Found label after column 1. (delay2)
Warning[207] E:\E-16-103\LAB2\PART 2\LAB PART2.X\RECORRECTION.ASM 73 : Found label after column 1. (loop3)
Warning[205] E:\E-16-103\LAB2\PART 2\LAB PART2.X\RECORRECTION.ASM 79 : Found directive in column 1. (end)
